mode: set
github.com/Soniabensaad/awesome-api/main.go:15.13,17.44 2 0
github.com/Soniabensaad/awesome-api/main.go:20.3,23.58 2 0
github.com/Soniabensaad/awesome-api/main.go:17.44,19.4 1 0
github.com/Soniabensaad/awesome-api/main.go:26.32,37.2 4 0
github.com/Soniabensaad/awesome-api/main.go:39.65,47.2 2 0
github.com/Soniabensaad/awesome-api/main.go:49.59,57.26 4 1
github.com/Soniabensaad/awesome-api/main.go:67.3,67.17 1 1
github.com/Soniabensaad/awesome-api/main.go:73.3,76.57 2 1
github.com/Soniabensaad/awesome-api/main.go:58.13,60.22 1 0
github.com/Soniabensaad/awesome-api/main.go:61.14,63.28 1 1
github.com/Soniabensaad/awesome-api/main.go:67.17,70.4 2 0
